<slam:SLA xmlns:slam="http://www.slaatsoi.eu/slamodel">
	<slam:Text/>
	<slam:Properties>
		<slam:Entry>
			<slam:Key>ProviderUUid</slam:Key>
			<slam:Value>1</slam:Value>
		</slam:Entry>
	</slam:Properties>
	<slam:UUID>95f718dd-3665-461a-b6c2-e89a0f98c473</slam:UUID>
	<slam:ModelVersion>sla_at_soi_sla_model_v1.0</slam:ModelVersion>
	<slam:EffectiveFrom>2016-01-28T09:42:32.733Z</slam:EffectiveFrom>
	<slam:EffectiveUntil>2018-01-28T09:42:32.733Z</slam:EffectiveUntil>
	<slam:TemplateId>ASCETiC-SLaTemplate-Example-01</slam:TemplateId>
	<slam:AgreedAt>2016-01-28T09:42:32.733Z</slam:AgreedAt>
	<slam:Party>
		<slam:Text/>
		<slam:Properties>
			<slam:Entry>
				<slam:Key>http://www.slaatsoi.org/slamodel#gslam_epr</slam:Key>
				<slam:Value>http://192.168.3.16:8080/services/asceticNegotiation?wsdl</slam:Value>
			</slam:Entry>
		</slam:Properties>
		<slam:ID>AsceticProvider</slam:ID>
		<slam:Role>http://www.slaatsoi.org/slamodel#provider</slam:Role>
	</slam:Party>
	<slam:Party>
		<slam:Text/>
		<slam:Properties>
			<slam:Entry>
				<slam:Key>http://www.slaatsoi.org/slamodel#gslam_epr</slam:Key>
				<slam:Value>http://192.168.3.16:8080/services/asceticNegotiation?wsdl</slam:Value>
			</slam:Entry>
		</slam:Properties>
		<slam:ID>333</slam:ID>
		<slam:Role>http://www.slaatsoi.org/slamodel#customer</slam:Role>
	</slam:Party>
	<slam:InterfaceDeclr>
		<slam:Text/>
		<slam:Properties>
			<slam:Entry>
				<slam:Key>OVF_URL</slam:Key>
				<slam:Value>http://192.168.3.16/application-manager/applications/davidgpTestApp/deployments/478/ovf</slam:Value>
			</slam:Entry>
			<slam:Entry>
				<slam:Key>SLA-ProvidersList</slam:Key>
				<slam:Value>{"SLA-ProvidersList":[{"sla-id":"5c64fc05-7733-4283-9ae6-fcb91e64ec3b","provider-uuid":"1"}]}</slam:Value>
			</slam:Entry>
		</slam:Properties>
		<slam:ID>OVF-Item-mysqlA</slam:ID>
		<slam:ProviderRef>AsceticProvider</slam:ProviderRef>
		<slam:Endpoint>
			<slam:Text/>
			<slam:Properties>
				<slam:Entry>
					<slam:Key>OVF_VirtualSystem_ID</slam:Key>
					<slam:Value>mysqlA</slam:Value>
				</slam:Entry>
			</slam:Properties>
			<slam:ID>mysqlA-VM-Type</slam:ID>
			<slam:Location>VM-Manager ID</slam:Location>
			<slam:Protocol>http://www.slaatsoi.org/slamodel#HTTP</slam:Protocol>
		</slam:Endpoint>
		<slam:Interface>
			<slam:InterfaceResourceType>
				<slam:Text/>
				<slam:Properties/>
				<slam:Name>OVFAppliance</slam:Name>
			</slam:InterfaceResourceType>
		</slam:Interface>
	</slam:InterfaceDeclr>
	<slam:AgreementTerm>
		<slam:Text/><slam:Properties/><slam:ID>mysqlA_Guarantees</slam:ID><slam:VariableDeclr><slam:Text/><slam:Properties/><slam:Var>VM_of_type_mysqlA</slam:Var><slam:Expr><slam:ValueExpr><slam:FuncExpr><slam:Text/><slam:Properties/><slam:Operator>http://www.slaatsoi.org/coremodel#subset_of</slam:Operator><slam:Parameter><slam:ID>OVF-Item-mysqlA</slam:ID></slam:Parameter></slam:FuncExpr></slam:ValueExpr></slam:Expr></slam:VariableDeclr><slam:Guaranteed><slam:Text/><slam:Properties/><slam:State><slam:ID>Power_Usage_for_mysqlA</slam:ID><slam:Priority xsi:nil="true" xmlns:xsi="http://www.w3.org/2001/XMLSchema-instance"/><slam:Constraint><slam:TypeConstraintExpr><slam:Value><slam:FuncExpr><slam:Text/><slam:Properties/><slam:Operator>http://www.slaatsoi.org/resources#power_usage_per_vm</slam:Operator><slam:Parameter><slam:ID>VM_of_type_mysqlA</slam:ID></slam:Parameter></slam:FuncExpr></slam:Value><slam:Domain><slam:SimpleDomainExpr><slam:ComparisonOp>http://www.slaatsoi.org/coremodel#less_than_or_equals</slam:ComparisonOp><slam:Value><slam:CONST><slam:Value>10</slam:Value><slam:Datatype>http://www.slaatsoi.org/coremodel/units#W</slam:Datatype></slam:CONST></slam:Value></slam:SimpleDomainExpr></slam:Domain></slam:TypeConstraintExpr></slam:Constraint></slam:State></slam:Guaranteed></slam:AgreementTerm><slam:AgreementTerm><slam:Text/><slam:Properties/><slam:ID>Infrastructure_Price_Of_mysqlA</slam:ID><slam:Guaranteed><slam:Text/><slam:Properties/><slam:Action><slam:ID>Price_Of_VirtualSystem_mysqlA</slam:ID><slam:ActorRef>http://www.slaatsoi.org/slamodel#provider</slam:ActorRef><slam:Policy>http://www.slaatsoi.org/slamodel#mandatory</slam:Policy><slam:Precondition><slam:Text/><slam:Properties/><slam:Operator>http://www.slaatsoi.org/coremodel#invocation</slam:Operator><slam:Parameter><slam:ValueExpr><slam:ID>mysqlA</slam:ID></slam:ValueExpr></slam:Parameter></slam:Precondition><slam:Postcondition><slam:Text/><slam:Properties/><slam:ProductOfferingPrice><slam:ID>Product_Offering_Price_Of_mysqlA</slam:ID><slam:Name/><slam:Description/><slam:BillingFrequency>http://www.slaatsoi.org/business#http://www.slaatsoi.org/business#per_month</slam:BillingFrequency><slam:ValidFrom>2016-01-28T09:42:30.694Z</slam:ValidFrom><slam:ValidUntil>2017-01-28T09:42:30.694Z</slam:ValidUntil><slam:ComponentProdOfferingPrice><slam:ID>Price_OF_mysqlA</slam:ID><slam:PriceType>http://www.slaatsoi.org/business#http://www.slaatsoi.org/business#per_hour</slam:PriceType><slam:Price><slam:Value>0.0</slam:Value><slam:Datatype>http://www.slaatsoi.org/coremodel/units#http://www.slaatsoi.org/coremodel/units#EUR</slam:Datatype></slam:Price><slam:Quantity><slam:Value>1</slam:Value><slam:Datatype>http://www.slaatsoi.org/coremodel/units#vm</slam:Datatype></slam:Quantity></slam:ComponentProdOfferingPrice></slam:ProductOfferingPrice></slam:Postcondition></slam:Action></slam:Guaranteed></slam:AgreementTerm></slam:SLA>